\BOOKMARK [1][-]{section.1}{\376\377\000I\000n\000t\000r\000o\000d\000u\000c\000t\000i\000o\000n\000\040\000e\000t\000\040\000p\000r\000\351\000s\000e\000n\000t\000a\000t\000i\000o\000n\000\040\000d\000e\000\040\000l\000a\000\040\000m\000\351\000t\000h\000o\000d\000e}{}% 1
\BOOKMARK [2][-]{subsection.1.1}{\376\377\000O\000b\000j\000e\000c\000t\000i\000f\000s\000\040\000d\000u\000\040\000p\000r\000o\000j\000e\000t}{section.1}% 2
\BOOKMARK [2][-]{subsection.1.2}{\376\377\000C\000h\000o\000i\000x\000\040\000d\000u\000\040\000m\000i\000n\000i\000-\000p\000r\000o\000j\000e\000t}{section.1}% 3
\BOOKMARK [2][-]{subsection.1.3}{\376\377\000P\000r\000\351\000s\000e\000n\000t\000a\000t\000i\000o\000n\000\040\000g\000\351\000n\000\351\000r\000a\000l\000e\000\040\000d\000u\000\040\000j\000e\000u}{section.1}% 4
\BOOKMARK [3][-]{subsubsection.1.3.1}{\376\377\000R\000\350\000g\000l\000e\000s\000\040\000d\000u\000\040\000P\000u\000i\000s\000s\000a\000n\000c\000e\000\040\0004}{subsection.1.3}% 5
\BOOKMARK [3][-]{subsubsection.1.3.2}{\376\377\000M\000o\000d\000\351\000l\000i\000s\000a\000t\000i\000o\000n\000\040\000d\000u\000\040\000p\000r\000o\000b\000l\000\350\000m\000e}{subsection.1.3}% 6
\BOOKMARK [3][-]{subsubsection.1.3.3}{\376\377\000C\000o\000n\000t\000r\000a\000i\000n\000t\000e\000s\000\040\000d\000u\000\040\000p\000r\000o\000j\000e\000t}{subsection.1.3}% 7
\BOOKMARK [2][-]{subsection.1.4}{\376\377\000M\000\351\000t\000h\000o\000d\000e\000\040\000d\000'\000i\000n\000t\000e\000l\000l\000i\000g\000e\000n\000c\000e\000\040\000a\000r\000t\000i\000f\000i\000c\000i\000e\000l\000l\000e}{section.1}% 8
\BOOKMARK [3][-]{subsubsection.1.4.1}{\376\377\000P\000r\000i\000n\000c\000i\000p\000e\000\040\000d\000e\000\040\000l\000'\000a\000l\000g\000o\000r\000i\000t\000h\000m\000e\000\040\000M\000i\000n\000-\000M\000a\000x}{subsection.1.4}% 9
\BOOKMARK [3][-]{subsubsection.1.4.2}{\376\377\000P\000s\000e\000u\000d\000o\000-\000c\000o\000d\000e\000\040\000d\000e\000\040\000M\000i\000n\000-\000M\000a\000x}{subsection.1.4}% 10
\BOOKMARK [3][-]{subsubsection.1.4.3}{\376\377\000L\000i\000m\000i\000t\000a\000t\000i\000o\000n\000\040\000p\000a\000r\000\040\000p\000r\000o\000f\000o\000n\000d\000e\000u\000r}{subsection.1.4}% 11
\BOOKMARK [2][-]{subsection.1.5}{\376\377\000\311\000l\000a\000g\000a\000g\000e\000\040\000a\000l\000p\000h\000a\000-\000b\000\352\000t\000a}{section.1}% 12
\BOOKMARK [3][-]{subsubsection.1.5.1}{\376\377\000M\000o\000t\000i\000v\000a\000t\000i\000o\000n}{subsection.1.5}% 13
\BOOKMARK [3][-]{subsubsection.1.5.2}{\376\377\000D\000\351\000f\000i\000n\000i\000t\000i\000o\000n\000\040\000d\000e\000\040\000a\000l\000p\000h\000a\000\040\000e\000t\000\040\000b\000\352\000t\000a}{subsection.1.5}% 14
\BOOKMARK [3][-]{subsubsection.1.5.3}{\376\377\000P\000s\000e\000u\000d\000o\000-\000c\000o\000d\000e\000\040\000d\000e\000\040\000a\000l\000p\000h\000a\000-\000b\000\352\000t\000a}{subsection.1.5}% 15
\BOOKMARK [3][-]{subsubsection.1.5.4}{\376\377\000I\000n\000t\000\351\000r\000\352\000t\000\040\000p\000r\000a\000t\000i\000q\000u\000e\000\040\000d\000a\000n\000s\000\040\000n\000o\000t\000r\000e\000\040\000j\000e\000u}{subsection.1.5}% 16
\BOOKMARK [2][-]{subsection.1.6}{\376\377\000F\000o\000n\000c\000t\000i\000o\000n\000\040\000h\000e\000u\000r\000i\000s\000t\000i\000q\000u\000e\000\040\000d\000'\000\351\000v\000a\000l\000u\000a\000t\000i\000o\000n}{section.1}% 17
\BOOKMARK [3][-]{subsubsection.1.6.1}{\376\377\000R\000\364\000l\000e\000\040\000d\000e\000\040\000l\000'\000h\000e\000u\000r\000i\000s\000t\000i\000q\000u\000e}{subsection.1.6}% 18
\BOOKMARK [3][-]{subsubsection.1.6.2}{\376\377\000F\000e\000n\000\352\000t\000r\000e\000s\000\040\000d\000e\000\040\000q\000u\000a\000t\000r\000e\000\040\000c\000a\000s\000e\000s}{subsection.1.6}% 19
\BOOKMARK [3][-]{subsubsection.1.6.3}{\376\377\000P\000o\000u\000r\000q\000u\000o\000i\000\040\000f\000a\000v\000o\000r\000i\000s\000e\000r\000\040\000l\000e\000\040\000c\000e\000n\000t\000r\000e\000\040\000?}{subsection.1.6}% 20
\BOOKMARK [1][-]{section.2}{\376\377\000C\000o\000m\000p\000l\000e\000x\000i\000t\000\351\000\040\000d\000e\000\040\000l\000a\000\040\000m\000\351\000t\000h\000o\000d\000e}{}% 21
\BOOKMARK [2][-]{subsection.2.1}{\376\377\000C\000o\000m\000p\000l\000e\000x\000i\000t\000\351\000\040\000d\000e\000\040\000M\000i\000n\000-\000M\000a\000x}{section.2}% 22
\BOOKMARK [2][-]{subsection.2.2}{\376\377\000C\000o\000m\000p\000l\000e\000x\000i\000t\000\351\000\040\000a\000v\000e\000c\000\040\000a\000l\000p\000h\000a\000-\000b\000\352\000t\000a}{section.2}% 23
\BOOKMARK [2][-]{subsection.2.3}{\376\377\000C\000o\000m\000p\000a\000r\000a\000i\000s\000o\000n\000\040\000t\000h\000\351\000o\000r\000i\000q\000u\000e}{section.2}% 24
\BOOKMARK [1][-]{section.3}{\376\377\000I\000m\000p\000l\000\351\000m\000e\000n\000t\000a\000t\000i\000o\000n\000\040\000d\000e\000\040\000l\000'\000a\000l\000g\000o\000r\000i\000t\000h\000m\000e\000\040\000e\000n\000\040\000P\000y\000t\000h\000o\000n\000\040\000p\000o\000u\000r\000\040\000r\000\351\000s\000o\000u\000d\000r\000e\000\040\000u\000n\000\040\000j\000e\000u\000\040\000d\000e\000\040\000s\000t\000r\000a\000t\000\351\000g\000i\000e}{}% 25
\BOOKMARK [2][-]{subsection.3.1}{\376\377\000T\000e\000c\000h\000n\000o\000l\000o\000g\000i\000e\000s\000\040\000u\000t\000i\000l\000i\000s\000\351\000e\000s}{section.3}% 26
\BOOKMARK [2][-]{subsection.3.2}{\376\377\000O\000r\000g\000a\000n\000i\000s\000a\000t\000i\000o\000n\000\040\000d\000e\000s\000\040\000f\000i\000c\000h\000i\000e\000r\000s}{section.3}% 27
\BOOKMARK [2][-]{subsection.3.3}{\376\377\000R\000e\000p\000r\000\351\000s\000e\000n\000t\000a\000t\000i\000o\000n\000\040\000d\000u\000\040\000p\000l\000a\000t\000e\000a\000u}{section.3}% 28
\BOOKMARK [2][-]{subsection.3.4}{\376\377\000D\000\351\000t\000e\000c\000t\000i\000o\000n\000\040\000d\000e\000\040\000v\000i\000c\000t\000o\000i\000r\000e}{section.3}% 29
\BOOKMARK [3][-]{subsubsection.3.4.1}{\376\377\000P\000r\000i\000n\000c\000i\000p\000e}{subsection.3.4}% 30
\BOOKMARK [3][-]{subsubsection.3.4.2}{\376\377\000E\000x\000e\000m\000p\000l\000e\000\040\000d\000e\000\040\000v\000\351\000r\000i\000f\000i\000c\000a\000t\000i\000o\000n\000\040\000h\000o\000r\000i\000z\000o\000n\000t\000a\000l\000e}{subsection.3.4}% 31
\BOOKMARK [3][-]{subsubsection.3.4.3}{\376\377\000G\000e\000s\000t\000i\000o\000n\000\040\000d\000u\000\040\000m\000a\000t\000c\000h\000\040\000n\000u\000l}{subsection.3.4}% 32
\BOOKMARK [2][-]{subsection.3.5}{\376\377\000I\000n\000t\000e\000r\000f\000a\000c\000e\000\040\000g\000r\000a\000p\000h\000i\000q\000u\000e}{section.3}% 33
\BOOKMARK [3][-]{subsubsection.3.5.1}{\376\377\000C\000h\000o\000i\000x\000\040\000d\000e\000\040\000P\000y\000g\000a\000m\000e}{subsection.3.5}% 34
\BOOKMARK [3][-]{subsubsection.3.5.2}{\376\377\000N\000i\000v\000e\000a\000u\000x\000\040\000d\000e\000\040\000d\000i\000f\000f\000i\000c\000u\000l\000t\000\351}{subsection.3.5}% 35
\BOOKMARK [2][-]{subsection.3.6}{\376\377\000S\000t\000r\000a\000t\000\351\000g\000i\000e\000\040\000d\000e\000\040\000l\000'\000I\000A}{section.3}% 36
\BOOKMARK [3][-]{subsubsection.3.6.1}{\376\377\000I\000A\000\040\000s\000i\000m\000p\000l\000e}{subsection.3.6}% 37
\BOOKMARK [3][-]{subsubsection.3.6.2}{\376\377\000I\000A\000\040\000a\000v\000e\000c\000\040\000a\000l\000p\000h\000a\000-\000b\000\352\000t\000a}{subsection.3.6}% 38
\BOOKMARK [3][-]{subsubsection.3.6.3}{\376\377\000G\000e\000s\000t\000i\000o\000n\000\040\000d\000e\000s\000\040\000c\000o\000u\000p\000s\000\040\000v\000a\000l\000i\000d\000e\000s}{subsection.3.6}% 39
\BOOKMARK [2][-]{subsection.3.7}{\376\377\000T\000e\000s\000t\000s\000\040\000e\000t\000\040\000r\000\351\000s\000u\000l\000t\000a\000t\000s}{section.3}% 40
\BOOKMARK [3][-]{subsubsection.3.7.1}{\376\377\000T\000e\000s\000t\000s\000\040\000f\000o\000n\000c\000t\000i\000o\000n\000n\000e\000l\000s}{subsection.3.7}% 41
\BOOKMARK [3][-]{subsubsection.3.7.2}{\376\377\000E\000x\000e\000m\000p\000l\000e\000\040\000d\000e\000\040\000b\000l\000o\000c\000a\000g\000e}{subsection.3.7}% 42
\BOOKMARK [3][-]{subsubsection.3.7.3}{\376\377\000E\000x\000e\000m\000p\000l\000e\000\040\000d\000e\000\040\000v\000i\000c\000t\000o\000i\000r\000e}{subsection.3.7}% 43
\BOOKMARK [2][-]{subsection.3.8}{\376\377\000A\000n\000a\000l\000y\000s\000e\000\040\000d\000e\000s\000\040\000r\000\351\000s\000u\000l\000t\000a\000t\000s}{section.3}% 44
\BOOKMARK [3][-]{subsubsection.3.8.1}{\376\377\000C\000o\000m\000p\000o\000r\000t\000e\000m\000e\000n\000t\000\040\000o\000b\000s\000e\000r\000v\000\351}{subsection.3.8}% 45
\BOOKMARK [3][-]{subsubsection.3.8.2}{\376\377\000I\000m\000p\000a\000c\000t\000\040\000d\000e\000\040\000l\000a\000\040\000p\000r\000o\000f\000o\000n\000d\000e\000u\000r}{subsection.3.8}% 46
\BOOKMARK [3][-]{subsubsection.3.8.3}{\376\377\000F\000o\000r\000c\000e\000s\000\040\000d\000u\000\040\000p\000r\000o\000j\000e\000t}{subsection.3.8}% 47
\BOOKMARK [3][-]{subsubsection.3.8.4}{\376\377\000L\000i\000m\000i\000t\000e\000s}{subsection.3.8}% 48
\BOOKMARK [2][-]{subsection.3.9}{\376\377\000D\000i\000f\000f\000i\000c\000u\000l\000t\000\351\000s\000\040\000r\000e\000n\000c\000o\000n\000t\000r\000\351\000e\000s}{section.3}% 49
\BOOKMARK [3][-]{subsubsection.3.9.1}{\376\377\000G\000e\000s\000t\000i\000o\000n\000\040\000d\000e\000\040\000l\000'\000e\000x\000p\000l\000o\000s\000i\000o\000n\000\040\000c\000o\000m\000b\000i\000n\000a\000t\000o\000i\000r\000e}{subsection.3.9}% 50
\BOOKMARK [3][-]{subsubsection.3.9.2}{\376\377\000C\000o\000n\000c\000e\000p\000t\000i\000o\000n\000\040\000d\000e\000\040\000l\000'\000h\000e\000u\000r\000i\000s\000t\000i\000q\000u\000e}{subsection.3.9}% 51
\BOOKMARK [3][-]{subsubsection.3.9.3}{\376\377\000S\000y\000n\000c\000h\000r\000o\000n\000i\000s\000a\000t\000i\000o\000n\000\040\000a\000v\000e\000c\000\040\000l\000'\000i\000n\000t\000e\000r\000f\000a\000c\000e}{subsection.3.9}% 52
\BOOKMARK [2][-]{subsection.3.10}{\376\377\000P\000e\000r\000s\000p\000e\000c\000t\000i\000v\000e\000s\000\040\000d\000'\000a\000m\000\351\000l\000i\000o\000r\000a\000t\000i\000o\000n}{section.3}% 53
\BOOKMARK [3][-]{subsubsection.3.10.1}{\376\377\000M\000\351\000m\000o\000\357\000s\000a\000t\000i\000o\000n\000\040\000d\000e\000s\000\040\000\351\000t\000a\000t\000s}{subsection.3.10}% 54
\BOOKMARK [3][-]{subsubsection.3.10.2}{\376\377\000A\000m\000\351\000l\000i\000o\000r\000a\000t\000i\000o\000n\000\040\000d\000e\000\040\000l\000'\000o\000r\000d\000r\000e\000\040\000d\000e\000s\000\040\000c\000o\000u\000p\000s}{subsection.3.10}% 55
\BOOKMARK [3][-]{subsubsection.3.10.3}{\376\377\000M\000o\000d\000e\000s\000\040\000d\000e\000\040\000j\000e\000u\000\040\000s\000u\000p\000p\000l\000\351\000m\000e\000n\000t\000a\000i\000r\000e\000s}{subsection.3.10}% 56
\BOOKMARK [3][-]{subsubsection.3.10.4}{\376\377\000C\000o\000m\000p\000a\000r\000a\000i\000s\000o\000n\000\040\000a\000v\000e\000c\000\040\000d\000'\000a\000u\000t\000r\000e\000s\000\040\000m\000\351\000t\000h\000o\000d\000e\000s}{subsection.3.10}% 57
\BOOKMARK [1][-]{section.4}{\376\377\000C\000o\000n\000c\000l\000u\000s\000i\000o\000n}{}% 58
